mode: set
github.com/jhwbarlow/tcp-audit-pgsql-sink/config.go:9.61,11.2 1 0
github.com/jhwbarlow/tcp-audit-pgsql-sink/connector.go:18.63,20.2 1 0
github.com/jhwbarlow/tcp-audit-pgsql-sink/connector.go:22.72,24.16 2 0
github.com/jhwbarlow/tcp-audit-pgsql-sink/connector.go:28.2,29.16 2 0
github.com/jhwbarlow/tcp-audit-pgsql-sink/connector.go:33.2,33.18 1 0
github.com/jhwbarlow/tcp-audit-pgsql-sink/connector.go:24.16,26.3 1 0
github.com/jhwbarlow/tcp-audit-pgsql-sink/connector.go:29.16,31.3 1 0
github.com/jhwbarlow/tcp-audit-pgsql-sink/execer.go:22.46,24.2 1 0
github.com/jhwbarlow/tcp-audit-pgsql-sink/execer.go:28.34,29.63 1 0
github.com/jhwbarlow/tcp-audit-pgsql-sink/execer.go:33.2,33.12 1 0
github.com/jhwbarlow/tcp-audit-pgsql-sink/execer.go:29.63,31.3 1 0
github.com/jhwbarlow/tcp-audit-pgsql-sink/execer.go:36.54,40.42 2 0
github.com/jhwbarlow/tcp-audit-pgsql-sink/execer.go:44.2,44.12 1 0
github.com/jhwbarlow/tcp-audit-pgsql-sink/execer.go:40.42,42.3 1 0
github.com/jhwbarlow/tcp-audit-pgsql-sink/inserter.go:48.53,51.34 1 1
github.com/jhwbarlow/tcp-audit-pgsql-sink/inserter.go:55.2,57.8 1 1
github.com/jhwbarlow/tcp-audit-pgsql-sink/inserter.go:51.34,53.3 1 1
github.com/jhwbarlow/tcp-audit-pgsql-sink/inserter.go:70.25,82.25 1 1
github.com/jhwbarlow/tcp-audit-pgsql-sink/inserter.go:86.2,86.12 1 1
github.com/jhwbarlow/tcp-audit-pgsql-sink/inserter.go:82.25,84.3 1 1
github.com/jhwbarlow/tcp-audit-pgsql-sink/inserter.go:89.70,90.44 1 1
github.com/jhwbarlow/tcp-audit-pgsql-sink/inserter.go:94.2,94.12 1 0
github.com/jhwbarlow/tcp-audit-pgsql-sink/inserter.go:90.44,92.3 1 1
github.com/jhwbarlow/tcp-audit-pgsql-sink/main.go:16.33,20.16 4 0
github.com/jhwbarlow/tcp-audit-pgsql-sink/main.go:24.2,25.65 2 0
github.com/jhwbarlow/tcp-audit-pgsql-sink/main.go:29.2,33.16 4 0
github.com/jhwbarlow/tcp-audit-pgsql-sink/main.go:37.2,37.33 1 0
github.com/jhwbarlow/tcp-audit-pgsql-sink/main.go:20.16,22.3 1 0
github.com/jhwbarlow/tcp-audit-pgsql-sink/main.go:25.65,27.3 1 0
github.com/jhwbarlow/tcp-audit-pgsql-sink/main.go:33.16,35.3 1 0
github.com/jhwbarlow/tcp-audit-pgsql-sink/main.go:40.43,44.2 1 1
github.com/jhwbarlow/tcp-audit-pgsql-sink/main.go:46.49,68.25 11 1
github.com/jhwbarlow/tcp-audit-pgsql-sink/main.go:72.2,72.12 1 1
github.com/jhwbarlow/tcp-audit-pgsql-sink/main.go:68.25,70.3 1 1
github.com/jhwbarlow/tcp-audit-pgsql-sink/main.go:75.32,76.57 1 1
github.com/jhwbarlow/tcp-audit-pgsql-sink/main.go:80.2,80.12 1 1
github.com/jhwbarlow/tcp-audit-pgsql-sink/main.go:76.57,78.3 1 1
github.com/jhwbarlow/tcp-audit-pgsql-sink/stmt_preparer.go:18.68,20.2 1 0
github.com/jhwbarlow/tcp-audit-pgsql-sink/stmt_preparer.go:24.21,25.59 1 0
github.com/jhwbarlow/tcp-audit-pgsql-sink/stmt_preparer.go:29.2,29.12 1 0
github.com/jhwbarlow/tcp-audit-pgsql-sink/stmt_preparer.go:25.59,27.3 1 0
github.com/jhwbarlow/tcp-audit-pgsql-sink/table_creator.go:36.58,38.2 1 0
github.com/jhwbarlow/tcp-audit-pgsql-sink/table_creator.go:40.67,41.61 1 0
github.com/jhwbarlow/tcp-audit-pgsql-sink/table_creator.go:50.2,50.12 1 0
github.com/jhwbarlow/tcp-audit-pgsql-sink/table_creator.go:41.61,42.83 1 0
github.com/jhwbarlow/tcp-audit-pgsql-sink/table_creator.go:47.3,47.58 1 0
github.com/jhwbarlow/tcp-audit-pgsql-sink/table_creator.go:42.83,45.4 1 0
